
**** 01/21/18 15:34:45 *********** Evaluation PSpice (Nov 1999) **************

 * C:\Users\telep\Documents\Documents\ECL\1A\UEs\STI\tc0\Elec\5_CMOS\CMOS.sch


 ****     CIRCUIT DESCRIPTION


******************************************************************************




* Schematics Version 9.1 - Web Update 1
* Sun Jan 21 15:34:45 2018



** Analysis setup **
.DC LIN V_VIN 0 2.5 0.01 


* From [PSPICE NETLIST] section of pspiceev.ini:
.lib "C:\Program Files\OrCAD_Demo\PSpice\Library\eea.lib"
.lib "nom.lib"

.INC "CMOS.net"

**** INCLUDING CMOS.net ****
* Schematics Netlist *



V_VDD         $N_0001 0 2.5V
V_VIN         vin 0 DC 1V AC 1V
+SIN 1.25V 1V 1k 0 0 0
M_M2         vout vin $N_0001 $N_0001 PMOS5  
+ L=0.25um  
+ W=7.6um         
M_M1         vout vin 0 0 NMOS5  
+ L=0.25um  
+ W=3um         

**** RESUMING CMOS.cir ****
.INC "CMOS.als"



**** INCLUDING CMOS.als ****
* Schematics Aliases *

.ALIASES
V_VDD           VDD(+=$N_0001 -=0 )
V_VIN           VIN(+=vin -=0 )
M_M2            M2(d=vout g=vin s=$N_0001 s=$N_0001 )
M_M1            M1(d=vout g=vin s=0 s=0 )
_    _(vin=vin)
_    _(vout=vout)
.ENDALIASES


**** RESUMING CMOS.cir ****
.probe


.END

**** 01/21/18 15:34:45 *********** Evaluation PSpice (Nov 1999) **************

 * C:\Users\telep\Documents\Documents\ECL\1A\UEs\STI\tc0\Elec\5_CMOS\CMOS.sch


 ****     MOSFET MODEL PARAMETERS


******************************************************************************




               PMOS5           NMOS5           
               PMOS            NMOS            
  T_Measured   27              27            
   T_Current   27              27            
       LEVEL    5               5            
           L  250.000000E-09  250.000000E-09 
           W   10.000000E-06   10.000000E-06 
          LD  -90.000000E-09  -80.000000E-09 
          WD  -30.000000E-09  -20.000000E-09 
         VTO    -.55             .4          
          KP   45.000000E-06  131.000000E-06 
       GAMMA    0                .5          
         PHI     .8              .7          
      LAMBDA     .2              .1          
         RSH  990             510            
          IS   10.000000E-15   10.000000E-15 
          JS    5.000000E-09   10.000000E-09 
        JSSW  700.000000E-12  150.000000E-12 
           N    1.8             1.5          
          PB     .9              .9          
        PBSW     .8              .5          
          CJ  940.000000E-06  560.000000E-06 
        CJSW  320.000000E-12  350.000000E-12 
          MJ                     .45         
        MJSW     .3              .2          
        CGSO  150.000000E-12  150.000000E-12 
        CGDO  300.000000E-12  400.000000E-12 
        CGBO  400.000000E-12  400.000000E-12 
         TOX  100.000000E-09  100.000000E-09 
          XJ  150.000000E-09  150.000000E-09 
       UCRIT   18.000000E+06    4.500000E+06 
          KF  100.000000E-30    1.000000E-27 
      DIOMOD    1               1            
         VFB    0               0            
        LETA     .45             .28         
        WETA    0                .05         
          U0    0               0            
        TEMP    0               0            
         VDD    0               0            
       XPART    0               0            
         XTI    0               0            
        HDIF  900.000000E-09  900.000000E-09 
         COX    4.000000E-03    4.000000E-03 
          E0   51.000000E+06   50.000000E+06 
         IBA                  200.000000E+06 
         IBB                  350.000000E+06 
         TCV   -1.400000E-03    1.500000E-03 
         BEX   -1.4                          
        UCEX    2               1.7          
        IBBT    0               0            
          Q0  200.000000E-06  280.000000E-06 
          LK  600.000000E-09  500.000000E-09 



          JOB CONCLUDED

          TOTAL JOB TIME             .02
