
**** 01/22/18 08:52:45 *********** Evaluation PSpice (Nov 1999) **************

 * C:\Users\telep\Documents\Documents\ECL\1A\UEs\STI\tc0\Elec\8_Multiplexeur\Multiplexeur.sch


 ****     CIRCUIT DESCRIPTION


******************************************************************************




* Schematics Version 9.1 - Web Update 1
* Mon Jan 22 08:52:45 2018



** Analysis setup **
.tran 1us 5ms 0 1us
.OP 


* From [PSPICE NETLIST] section of pspiceev.ini:
.lib "C:\Program Files\OrCAD_Demo\PSpice\Library\eea.lib"
.lib "nom.lib"

.INC "Multiplexeur.net"

**** INCLUDING Multiplexeur.net ****
* Schematics Netlist *



X_U2A         $N_0001 $N_0002 $G_DPWR $G_DGND 7404 PARAMS:
+ IO_LEVEL=0 MNTYMXDLY=0
X_U1A         $N_0003 $N_0004 $G_DPWR $G_DGND 7404 PARAMS:
+ IO_LEVEL=0 MNTYMXDLY=0
U_DSTM2         STIM(1,1)
+ $G_DPWR $G_DGND
+ $N_0001 
+ IO_STM
+ IO_LEVEL=0
+  0s 1  
X_U3A         $N_0002 $N_0004 $N_0005 $G_DPWR $G_DGND 7408 PARAMS:
+ IO_LEVEL=0 MNTYMXDLY=0
X_U4A         $N_0001 $N_0004 $N_0006 $G_DPWR $G_DGND 7408 PARAMS:
+ IO_LEVEL=0 MNTYMXDLY=0
X_U5A         $N_0002 $N_0003 $N_0007 $G_DPWR $G_DGND 7408 PARAMS:
+ IO_LEVEL=0 MNTYMXDLY=0
X_U6A         $N_0001 $N_0003 $N_0008 $G_DPWR $G_DGND 7408 PARAMS:
+ IO_LEVEL=0 MNTYMXDLY=0
U_DSTM3         STIM(1,1)
+ $G_DPWR $G_DGND
+ $N_0009 
+ IO_STM
+ IO_LEVEL=0
+  0s 0  
+ 1ms 1  
+ 2ms 0  
+ 3ms 1 
X_U10A         $N_0009 $N_0008 $N_0010 $G_DPWR $G_DGND 74126 PARAMS:
+ IO_LEVEL=0 MNTYMXDLY=0
X_U9A         $N_0009 $N_0007 $N_0011 $G_DPWR $G_DGND 74126 PARAMS:
+ IO_LEVEL=0 MNTYMXDLY=0
X_U8A         $N_0009 $N_0006 $N_0012 $G_DPWR $G_DGND 74126 PARAMS:
+ IO_LEVEL=0 MNTYMXDLY=0
X_U7A         $N_0009 $N_0005 $N_0013 $G_DPWR $G_DGND 74126 PARAMS:
+ IO_LEVEL=0 MNTYMXDLY=0
U_DSTM1         STIM(1,1)
+ $G_DPWR $G_DGND
+ $N_0003 
+ IO_STM
+ IO_LEVEL=0
+  0s 1  

**** RESUMING Multiplexeur.cir ****
.INC "Multiplexeur.als"



**** INCLUDING Multiplexeur.als ****
* Schematics Aliases *

.ALIASES
X_U2A           U2A(A=$N_0001 Y=$N_0002 PWR=$G_DPWR GND=$G_DGND )
X_U1A           U1A(A=$N_0003 Y=$N_0004 PWR=$G_DPWR GND=$G_DGND )
U_DSTM2          DSTM2(PIN1=$N_0001 )
X_U3A           U3A(A=$N_0002 B=$N_0004 Y=$N_0005 PWR=$G_DPWR GND=$G_DGND )
X_U4A           U4A(A=$N_0001 B=$N_0004 Y=$N_0006 PWR=$G_DPWR GND=$G_DGND )
X_U5A           U5A(A=$N_0002 B=$N_0003 Y=$N_0007 PWR=$G_DPWR GND=$G_DGND )
X_U6A           U6A(A=$N_0001 B=$N_0003 Y=$N_0008 PWR=$G_DPWR GND=$G_DGND )
U_DSTM3          DSTM3(PIN1=$N_0009 )
X_U10A          U10A(A=$N_0009 G=$N_0008 Y=$N_0010 PWR=$G_DPWR GND=$G_DGND )
X_U9A           U9A(A=$N_0009 G=$N_0007 Y=$N_0011 PWR=$G_DPWR GND=$G_DGND )
X_U8A           U8A(A=$N_0009 G=$N_0006 Y=$N_0012 PWR=$G_DPWR GND=$G_DGND )
X_U7A           U7A(A=$N_0009 G=$N_0005 Y=$N_0013 PWR=$G_DPWR GND=$G_DGND )
U_DSTM1          DSTM1(PIN1=$N_0003 )
_    _($G_DGND=$G_DGND)
_    _($G_DPWR=$G_DPWR)
.ENDALIASES


**** RESUMING Multiplexeur.cir ****
.probe


.END

**** 01/22/18 08:52:45 *********** Evaluation PSpice (Nov 1999) **************

 * C:\Users\telep\Documents\Documents\ECL\1A\UEs\STI\tc0\Elec\8_Multiplexeur\Multiplexeur.sch


 ****     Digital Gate MODEL PARAMETERS


******************************************************************************




               D_04            D_08            
      TPLHMN    4.800000E-09    7.000000E-09 
      TPLHTY   12.000000E-09   17.500000E-09 
      TPLHMX   22.000000E-09   27.000000E-09 
      TPHLMN    3.200000E-09    4.800000E-09 
      TPHLTY    8.000000E-09   12.000000E-09 
      TPHLMX   15.000000E-09   19.000000E-09 


**** 01/22/18 08:52:45 *********** Evaluation PSpice (Nov 1999) **************

 * C:\Users\telep\Documents\Documents\ECL\1A\UEs\STI\tc0\Elec\8_Multiplexeur\Multiplexeur.sch


 ****     Digital Tri Gate MODEL PARAMETERS


******************************************************************************




               D_126           
      TPLHMN    3.200000E-09 
      TPLHTY    8.000000E-09 
      TPLHMX   13.000000E-09 
      TPHLMN    4.800000E-09 
      TPHLTY   12.000000E-09 
      TPHLMX   18.000000E-09 
      TPZHMN    4.400000E-09 
      TPZHTY   11.000000E-09 
      TPZHMX   18.000000E-09 
      TPZLMN    6.400000E-09 
      TPZLTY   16.000000E-09 
      TPZLMX   25.000000E-09 
      TPLZMN    4.800000E-09 
      TPLZTY   12.000000E-09 
      TPLZMX   18.000000E-09 
      TPHZMN    4.000000E-09 
      TPHZTY   10.000000E-09 
      TPHZMX   16.000000E-09 


**** 01/22/18 08:52:45 *********** Evaluation PSpice (Nov 1999) **************

 * C:\Users\telep\Documents\Documents\ECL\1A\UEs\STI\tc0\Elec\8_Multiplexeur\Multiplexeur.sch


 ****     Digital IO  MODEL PARAMETERS


******************************************************************************




               IO_STM          IO_STD          
        DRVL    0             104            
        DRVH    0              96.4          
       AtoD1                 AtoD_STD        
       AtoD2                 AtoD_STD_NX     
       AtoD3                 AtoD_STD        
       AtoD4                 AtoD_STD_NX     
       DtoA1 DtoA_STM        DtoA_STD        
       DtoA2 DtoA_STM        DtoA_STD        
       DtoA3 DtoA_STM        DtoA_STD        
       DtoA4 DtoA_STM        DtoA_STD        
      TSWHL1                    1.373000E-09 
      TSWHL2                    1.346000E-09 
      TSWHL3                    1.511000E-09 
      TSWHL4                    1.487000E-09 
      TSWLH1                    3.382000E-09 
      TSWLH2                    3.424000E-09 
      TSWLH3                    3.517000E-09 
      TSWLH4                    3.564000E-09 
       TPWRT  100.000000E+03  100.000000E+03 


WARNING -- No analog devices -- Small-Signal analysis ignored

          JOB CONCLUDED

          TOTAL JOB TIME             .05
